<?xml version="1.0" encoding="UTF-8"?>
<!-- Generated by org.testng.reporters.JUnitReportReporter -->
<testsuite hostname="Akash" failures="0" tests="1" name="testCases.TC001_AccountRegistration" time="2.795" errors="0" timestamp="2025-07-15T11:46:39 IST" skipped="0">
  <testcase classname="testCases.TC001_AccountRegistration" name="verify_account_registration" time="2.795"/>
</testsuite> <!-- testCases.TC001_AccountRegistration -->
