<?xml version="1.0" encoding="UTF-8"?>
<!-- Generated by org.testng.reporters.JUnitReportReporter -->
<testsuite hostname="Akash" failures="0" tests="4" name="testCases.TC003_LoginDDT" time="37.036" errors="0" timestamp="2025-06-30T13:45:00 IST" skipped="0">
  <testcase classname="testCases.TC003_LoginDDT" name="verify_loginDDT" time="4.929"/>
  <testcase classname="testCases.TC003_LoginDDT" name="verify_loginDDT" time="4.506"/>
  <testcase classname="testCases.TC003_LoginDDT" name="verify_loginDDT" time="13.543"/>
  <testcase classname="testCases.TC003_LoginDDT" name="verify_loginDDT" time="14.058"/>
</testsuite> <!-- testCases.TC003_LoginDDT -->
