<?xml version="1.0" encoding="UTF-8"?>
<!-- Generated by org.testng.reporters.JUnitReportReporter -->
<testsuite hostname="Akash" failures="0" tests="1" name="testCases.TC005_AddToCart" time="4.410" errors="0" timestamp="2025-07-15T11:46:39 IST" skipped="0">
  <testcase classname="testCases.TC005_AddToCart" name="verify_Addtocart" time="4.410"/>
</testsuite> <!-- testCases.TC005_AddToCart -->
