<?xml version="1.0" encoding="UTF-8"?>
<!-- Generated by org.testng.reporters.JUnitReportReporter -->
<testsuite hostname="Akash" failures="0" tests="1" name="testCases.TC002_LoginTest" time="1.237" errors="0" timestamp="2025-07-02T16:44:42 IST" skipped="0">
  <testcase classname="testCases.TC002_LoginTest" name="Verify_login" time="1.237"/>
</testsuite> <!-- testCases.TC002_LoginTest -->
