<?xml version="1.0" encoding="UTF-8"?>
<!-- Generated by org.testng.reporters.JUnitReportReporter -->
<testsuite hostname="Akash" failures="0" tests="1" name="testCases.TC004_Search" time="3.969" errors="0" timestamp="2025-07-15T11:46:39 IST" skipped="0">
  <testcase classname="testCases.TC004_Search" name="verify_search" time="3.969"/>
</testsuite> <!-- testCases.TC004_Search -->
