<?xml version="1.0" encoding="UTF-8"?>
<!-- Generated by org.testng.reporters.JUnitReportReporter -->
<testsuite hostname="Akash" failures="0" tests="1" name="testCases.TC001_AccountRegistration" time="2.987" errors="0" timestamp="2025-07-14T14:16:22 IST" skipped="0">
  <testcase classname="testCases.TC001_AccountRegistration" name="verify_account_registration" time="2.987"/>
</testsuite> <!-- testCases.TC001_AccountRegistration -->
